Flow report for NASCOM4
Sat Dec  3 11:56:04 2022
Quartus II 64-Bit Version 13.0.1 Build 232 06/12/2013 Service Pack 1 SJ Web Edition


---------------------
; Table of Contents ;
---------------------
  1. Legal Notice
  2. Flow Summary
  3. Flow Settings
  4. Flow Non-Default Global Settings
  5. Flow Elapsed Time
  6. Flow OS Summary
  7. Flow Log
  8. Flow Messages
  9. Flow Suppressed Messages



----------------
; Legal Notice ;
----------------
Copyright (C) 1991-2013 Altera Corporation
Your use of Altera Corporation's design tools, logic functions 
and other software and tools, and its AMPP partner logic 
functions, and any output files from any of the foregoing 
(including device programming or simulation files), and any 
associated documentation or information are expressly subject 
to the terms and conditions of the Altera Program License 
Subscription Agreement, Altera MegaCore Function License 
Agreement, or other applicable license agreement, including, 
without limitation, that your use is for the sole purpose of 
programming logic devices manufactured by Altera and sold by 
Altera or its authorized distributors.  Please refer to the 
applicable agreement for further details.



+--------------------------------------------------------------------------------------+
; Flow Summary                                                                         ;
+------------------------------------+-------------------------------------------------+
; Flow Status                        ; Successful - Sat Dec  3 11:56:04 2022           ;
; Quartus II 64-Bit Version          ; 13.0.1 Build 232 06/12/2013 SP 1 SJ Web Edition ;
; Revision Name                      ; NASCOM4                                         ;
; Top-level Entity Name              ; NASCOM4                                         ;
; Family                             ; Cyclone II                                      ;
; Device                             ; EP2C5T144C8                                     ;
; Timing Models                      ; Final                                           ;
; Total logic elements               ; 4,305 / 4,608 ( 93 % )                          ;
;     Total combinational functions  ; 4,119 / 4,608 ( 89 % )                          ;
;     Dedicated logic registers      ; 1,239 / 4,608 ( 27 % )                          ;
; Total registers                    ; 1242                                            ;
; Total pins                         ; 81 / 89 ( 91 % )                                ;
; Total virtual pins                 ; 0                                               ;
; Total memory bits                  ; 106,496 / 119,808 ( 89 % )                      ;
; Embedded Multiplier 9-bit elements ; 0 / 26 ( 0 % )                                  ;
; Total PLLs                         ; 0 / 2 ( 0 % )                                   ;
+------------------------------------+-------------------------------------------------+


+-----------------------------------------+
; Flow Settings                           ;
+-------------------+---------------------+
; Option            ; Setting             ;
+-------------------+---------------------+
; Start date & time ; 12/03/2022 11:54:37 ;
; Main task         ; Compilation         ;
; Revision Name     ; NASCOM4             ;
+-------------------+---------------------+


+-------------------------------------------------------------------------------------------------------------------------------+
; Flow Non-Default Global Settings                                                                                              ;
+-------------------------------------+------------------------------------------+---------------+-------------+----------------+
; Assignment Name                     ; Value                                    ; Default Value ; Entity Name ; Section Id     ;
+-------------------------------------+------------------------------------------+---------------+-------------+----------------+
; COMPILER_SIGNATURE_ID               ; 0.167006847712124                        ; --            ; --          ; --             ;
; EDA_OUTPUT_DATA_FORMAT              ; Vhdl                                     ; --            ; --          ; eda_simulation ;
; EDA_SIMULATION_TOOL                 ; ModelSim-Altera (VHDL)                   ; <None>        ; --          ; --             ;
; IP_TOOL_NAME                        ; RAM: 2-PORT                              ; --            ; --          ; --             ;
; IP_TOOL_NAME                        ; RAM: 2-PORT                              ; --            ; --          ; --             ;
; IP_TOOL_NAME                        ; RAM: 1-PORT                              ; --            ; --          ; --             ;
; IP_TOOL_NAME                        ; RAM: 1-PORT                              ; --            ; --          ; --             ;
; IP_TOOL_NAME                        ; RAM: 1-PORT                              ; --            ; --          ; --             ;
; IP_TOOL_NAME                        ; RAM: 1-PORT                              ; --            ; --          ; --             ;
; IP_TOOL_NAME                        ; ROM: 1-PORT                              ; --            ; --          ; --             ;
; IP_TOOL_NAME                        ; ROM: 1-PORT                              ; --            ; --          ; --             ;
; IP_TOOL_NAME                        ; ROM: 1-PORT                              ; --            ; --          ; --             ;
; IP_TOOL_VERSION                     ; 13.0                                     ; --            ; --          ; --             ;
; IP_TOOL_VERSION                     ; 13.0                                     ; --            ; --          ; --             ;
; IP_TOOL_VERSION                     ; 13.0                                     ; --            ; --          ; --             ;
; IP_TOOL_VERSION                     ; 13.0                                     ; --            ; --          ; --             ;
; IP_TOOL_VERSION                     ; 13.0                                     ; --            ; --          ; --             ;
; IP_TOOL_VERSION                     ; 13.0                                     ; --            ; --          ; --             ;
; IP_TOOL_VERSION                     ; 11.0                                     ; --            ; --          ; --             ;
; IP_TOOL_VERSION                     ; 11.0                                     ; --            ; --          ; --             ;
; IP_TOOL_VERSION                     ; 13.0                                     ; --            ; --          ; --             ;
; MAX_CORE_JUNCTION_TEMP              ; 85                                       ; --            ; --          ; --             ;
; MIN_CORE_JUNCTION_TEMP              ; 0                                        ; --            ; --          ; --             ;
; MISC_FILE                           ; ../Components/nasVDU/DisplayRam1K.cmp    ; --            ; --          ; --             ;
; MISC_FILE                           ; ../Components/nasVDU/DisplayRam2K.cmp    ; --            ; --          ; --             ;
; MISC_FILE                           ; ../Components/nasVDU/nasCharGenRam4K.cmp ; --            ; --          ; --             ;
; MISC_FILE                           ; ../RAMS/InternalRam1K.cmp                ; --            ; --          ; --             ;
; MISC_FILE                           ; ../RAMS/InternalRam2K.cmp                ; --            ; --          ; --             ;
; MISC_FILE                           ; ../RAMS/InternalRam4K.cmp                ; --            ; --          ; --             ;
; MISC_FILE                           ; ../ROMS/Z80/Z80_NASSYS3_ROM.cmp          ; --            ; --          ; --             ;
; MISC_FILE                           ; ../ROMS/Z80/Z80_MAP80VFC_ROM.cmp         ; --            ; --          ; --             ;
; MISC_FILE                           ; ../ROMS/Z80/Z80_SBOOT_ROM.cmp            ; --            ; --          ; --             ;
; PARTITION_COLOR                     ; 16764057                                 ; --            ; --          ; Top            ;
; PARTITION_FITTER_PRESERVATION_LEVEL ; PLACEMENT_AND_ROUTING                    ; --            ; --          ; Top            ;
; PARTITION_NETLIST_TYPE              ; SOURCE                                   ; --            ; --          ; Top            ;
; POWER_BOARD_THERMAL_MODEL           ; None (CONSERVATIVE)                      ; --            ; --          ; --             ;
; POWER_PRESET_COOLING_SOLUTION       ; 23 MM HEAT SINK WITH 200 LFPM AIRFLOW    ; --            ; --          ; --             ;
; PROJECT_OUTPUT_DIRECTORY            ; output_files                             ; --            ; --          ; --             ;
; VHDL_SHOW_LMF_MAPPING_MESSAGES      ; Off                                      ; --            ; --          ; --             ;
+-------------------------------------+------------------------------------------+---------------+-------------+----------------+


+-------------------------------------------------------------------------------------------------------------------------------+
; Flow Elapsed Time                                                                                                             ;
+---------------------------+--------------+-------------------------+---------------------+------------------------------------+
; Module Name               ; Elapsed Time ; Average Processors Used ; Peak Virtual Memory ; Total CPU Time (on all processors) ;
+---------------------------+--------------+-------------------------+---------------------+------------------------------------+
; Analysis & Synthesis      ; 00:00:32     ; 1.0                     ; 689 MB              ; 00:00:33                           ;
; Fitter                    ; 00:00:39     ; 1.0                     ; 702 MB              ; 00:00:39                           ;
; Assembler                 ; 00:00:01     ; 1.0                     ; 561 MB              ; 00:00:01                           ;
; TimeQuest Timing Analyzer ; 00:00:02     ; 1.0                     ; 559 MB              ; 00:00:02                           ;
; EDA Netlist Writer        ; 00:00:03     ; 1.0                     ; 840 MB              ; 00:00:03                           ;
; Total                     ; 00:01:17     ; --                      ; --                  ; 00:01:18                           ;
+---------------------------+--------------+-------------------------+---------------------+------------------------------------+


+---------------------------------------------------------------------------------------------+
; Flow OS Summary                                                                             ;
+---------------------------+------------------+----------------+------------+----------------+
; Module Name               ; Machine Hostname ; OS Name        ; OS Version ; Processor type ;
+---------------------------+------------------+----------------+------------+----------------+
; Analysis & Synthesis      ; nac-lap          ; Ubuntu 18.04.6 ; 18         ; x86_64         ;
; Fitter                    ; nac-lap          ; Ubuntu 18.04.6 ; 18         ; x86_64         ;
; Assembler                 ; nac-lap          ; Ubuntu 18.04.6 ; 18         ; x86_64         ;
; TimeQuest Timing Analyzer ; nac-lap          ; Ubuntu 18.04.6 ; 18         ; x86_64         ;
; EDA Netlist Writer        ; nac-lap          ; Ubuntu 18.04.6 ; 18         ; x86_64         ;
+---------------------------+------------------+----------------+------------+----------------+


------------
; Flow Log ;
------------
quartus_map --read_settings_files=on --write_settings_files=off NASCOM4 -c NASCOM4
quartus_fit --read_settings_files=off --write_settings_files=off NASCOM4 -c NASCOM4
quartus_asm --read_settings_files=off --write_settings_files=off NASCOM4 -c NASCOM4
quartus_sta NASCOM4 -c NASCOM4
quartus_eda --read_settings_files=off --write_settings_files=off NASCOM4 -c NASCOM4



